<?xml version="1.0" encoding="UTF-8"?>
<!-- Generated by org.testng.reporters.JUnitXMLReporter -->
<testsuite ignored="0" hostname="Md_Ali" failures="1" tests="1" name="Test" time="6.903" errors="0" timestamp="2026-06-16T11:27:17 EDT">
  <testcase classname="com.cbp.testcases.LoginTest" name="Login" time="2.914">
    <failure type="java.lang.AssertionError" message="expected [true] but found [false]">
      <![CDATA[java.lang.AssertionError: expected [true] but found [false]
at com.cbp.testcases.LoginTest.Login(LoginTest.java:59)
at java.base/java.util.ArrayList.forEach(ArrayList.java:1596)
... Removed 29 stack frames]]>
    </failure>
  </testcase> <!-- Login -->
</testsuite> <!-- Test -->
